Arguments: 
  C:\Program Files\nodejs\node.exe C:\Program Files (x86)\Yarn\bin\yarn.js

PATH: 
  C:\WINDOWS\System32;C:\product\11.1.0\client_3;C:\app\Pedro\product\11.1.0\client_2\bin;C:\product\11.1.0\client_1;C:\Python27\;C:\Python27\Scripts;C:\Program Files (x86)\Intel\Intel(R) Management Engine Components\iCLS\;C:\Program Files\Intel\Intel(R) Management Engine Components\iCLS\;C:\WINDOWS;C:\WINDOWS\System32\Wbem;C:\WINDOWS\System32\WindowsPowerShell\v1.0\;C:\WINDOWS\System32\OpenSSH\;C:\Program Files (x86)\Intel\Intel(R) Management Engine Components\DAL;C:\Program Files\Intel\Intel(R) Management Engine Components\DAL;C:\Program Files\Git\cmd;C:\ProgramData\chocolatey\bin;C:\Program Files\Java\jdk1.8.0_211\bin;C:\Android\Sdk\platform-tools;C:\Android\Sdk\tools;C:\Oracle\instantclient_19_3;C:\xampp\php;C:\Windows\SysWOW64\GDS32.DLL;C:\Program Files\nodejs\;C:\Program Files (x86)\Yarn\bin\;C:\Program Files\PuTTY\;C:\Program Files\Intel\WiFi\bin\;C:\Program Files\Common Files\Intel\WirelessCommon\;C:\WINDOWS\system32\config\systemprofile\AppData\Roaming\Composer\vendor\bin;C:\WINDOWS\system32;C:\Windows\System32\WindowsPowerShell\v1.0;C:\composer;C:\Program Files\Docker\Docker\resources\bin;C:\ProgramData\DockerDesktop\version-bin;C:\Program Files\MySQL\MySQL Shell 8.0\bin\;C:\Users\pedro.FAMESP\AppData\Local\Programs\Microsoft VS Code\bin;C:\Users\pedro.FAMESP\AppData\Roaming\Composer\vendor\bin;C:\Users\pedro.FAMESP\AppData\Local\Microsoft\WindowsApps;C:\Users\pedro.FAMESP\AppData\Roaming\npm;C:\Users\pedro.FAMESP\AppData\Local\Yarn\bin;C:\Users\pedro.FAMESP\AppData\Local\hyper\app-3.0.2\resources\bin;C:\Windows\System32\WindowsPowerShell\v1.0;

Yarn version: 
  1.16.0

Node version: 
  12.12.0

Platform: 
  win32 x64

Trace: 
  Error: https://registry.yarnpkg.com/rxjs/-/rxjs-6.6.3.tgz: ESOCKETTIMEDOUT
      at ClientRequest.<anonymous> (C:\Program Files (x86)\Yarn\lib\cli.js:130217:19)
      at Object.onceWrapper (events.js:299:28)
      at ClientRequest.emit (events.js:210:5)
      at TLSSocket.emitRequestTimeout (_http_client.js:690:9)
      at Object.onceWrapper (events.js:299:28)
      at TLSSocket.emit (events.js:210:5)
      at TLSSocket.Socket._onTimeout (net.js:468:8)
      at listOnTimeout (internal/timers.js:531:17)
      at processTimers (internal/timers.js:475:7)

npm manifest: 
  {
    "name": "primeiro-projeto-node",
    "version": "1.0.0",
    "main": "index.js",
    "license": "MIT",
    "scripts": {
      "build": "tsc",
      "dev:server": "ts-node-dev -r tsconfig-paths/register --inspect --ignore-watch node_modules --transpile-only src/shared/infra/http/server.ts",
      "typeorm": "ts-node-dev -r tsconfig-paths/register ./node_modules/typeorm/cli.js",
      "test": "jest"
    },
    "dependencies": {
      "@types/nodemailer": "^6.4.0",
      "bcryptjs": "^2.4.3",
      "cors": "^2.8.5",
      "date-fns": "^2.16.1",
      "dotenv": "^8.2.0",
      "express": "^4.17.1",
      "express-async-errors": "^3.1.1",
      "handlebars": "^4.7.6",
      "jsonwebtoken": "^8.5.1",
      "multer": "^1.4.2",
      "nodemailer": "^6.4.16",
      "pg": "^8.4.1",
      "reflect-metadata": "^0.1.13",
      "tsyringe": "^4.4.0",
      "typeorm": "^0.2.28",
      "uuidv4": "^6.2.4"
    },
    "devDependencies": {
      "@types/bcryptjs": "^2.4.2",
      "@types/cors": "^2.8.8",
      "@types/express": "^4.17.8",
      "@types/jest": "^26.0.15",
      "@types/jsonwebtoken": "^8.5.0",
      "@types/multer": "^1.4.4",
      "@typescript-eslint/eslint-plugin": "^4.4.1",
      "@typescript-eslint/parser": "^4.4.1",
      "eslint": "6.8.0",
      "eslint-config-airbnb-base": "^14.2.0",
      "eslint-config-prettier": "^6.12.0",
      "eslint-import-resolver-typescript": "^2.3.0",
      "eslint-plugin-import": "2.21.2",
      "eslint-plugin-prettier": "^3.1.4",
      "jest": "^26.6.3",
      "prettier": "^2.1.2",
      "ts-jest": "^26.4.4",
      "ts-node-dev": "^1.0.0-pre.64",
      "tsconfig-paths": "^3.9.0",
      "typescript": "^4.0.3"
    }
  }

yarn manifest: 
  No manifest

Lockfile: 
  No lockfile
